0 info it worked if it ends with ok
1 verbose cli [ 'C:\\Program Files\\nodejs\\node.exe',
1 verbose cli   'C:\\Program Files\\nodejs\\node_modules\\npm\\bin\\npm-cli.js',
1 verbose cli   'run',
1 verbose cli   'open' ]
2 info using npm@3.10.10
3 info using node@v6.11.0
4 verbose run-script [ 'preopen', 'open', 'postopen' ]
5 info lifecycle projekt-billennium-angular@1.0.0~preopen: projekt-billennium-angular@1.0.0
6 silly lifecycle projekt-billennium-angular@1.0.0~preopen: no script for preopen, continuing
7 info lifecycle projekt-billennium-angular@1.0.0~open: projekt-billennium-angular@1.0.0
8 verbose lifecycle projekt-billennium-angular@1.0.0~open: unsafe-perm in lifecycle true
9 verbose lifecycle projekt-billennium-angular@1.0.0~open: PATH: C:\Program Files\nodejs\node_modules\npm\bin\node-gyp-bin;D:\My Own Projects\angular-project\node_modules\.bin;C:\Program Files\Microsoft MPI\Bin\;C:\Program Files (x86)\Intel\iCLS Client\;C:\Program Files\Intel\iCLS Client\;C:\Windows\system32;C:\Windows;C:\Windows\System32\Wbem;C:\Windows\System32\WindowsPowerShell\v1.0\;C:\Program Files\Microsoft SQL Server\120\Tools\Binn\;C:\Program Files\Microsoft SQL Server\Client SDK\ODBC\110\Tools\Binn\;C:\Program Files (x86)\Microsoft SQL Server\120\Tools\Binn\;C:\Program Files\Microsoft SQL Server\120\DTS\Binn\;C:\Program Files (x86)\Microsoft SQL Server\120\Tools\Binn\ManagementStudio\;C:\Program Files (x86)\Microsoft SQL Server\120\DTS\Binn\;C:\Program Files\Intel\Intel(R) Management Engine Components\DAL;C:\Program Files\Intel\Intel(R) Management Engine Components\IPT;C:\Program Files (x86)\Intel\Intel(R) Management Engine Components\DAL;C:\Program Files (x86)\Intel\Intel(R) Management Engine Components\IPT;C:\Program Files\Microsoft SQL Server\130\Tools\Binn\;C:\Program Files (x86)\Microsoft SQL Server\110\DTS\Binn\;C:\Program Files (x86)\Microsoft SQL Server\130\DTS\Binn\;C:\Program Files (x86)\GitExtensions\;C:\Program Files\dotnet\;C:\Program Files\Git\cmd;C:\Program Files\nodejs\;C:\Program Files (x86)\Microsoft SQL Server\Client SDK\ODBC\130\Tools\Binn\;C:\Program Files (x86)\Microsoft SQL Server\140\Tools\Binn\;C:\Program Files (x86)\Microsoft SQL Server\140\DTS\Binn\;C:\Program Files (x86)\Microsoft SQL Server\140\Tools\Binn\ManagementStudio\;C:\Program Files (x86)\Skype\Phone\;C:\Users\LeszekKloczko\AppData\Roaming\npm
10 verbose lifecycle projekt-billennium-angular@1.0.0~open: CWD: D:\My Own Projects\angular-project
11 silly lifecycle projekt-billennium-angular@1.0.0~open: Args: [ '/d /s /c', 'babel-node tools/srcServer.js' ]
12 silly lifecycle projekt-billennium-angular@1.0.0~open: Returned: code: 3221225786  signal: null
13 info lifecycle projekt-billennium-angular@1.0.0~open: Failed to exec open script
14 verbose stack Error: projekt-billennium-angular@1.0.0 open: `babel-node tools/srcServer.js`
14 verbose stack Exit status 3221225786
14 verbose stack     at EventEmitter.<anonymous> (C:\Program Files\nodejs\node_modules\npm\lib\utils\lifecycle.js:255:16)
14 verbose stack     at emitTwo (events.js:106:13)
14 verbose stack     at EventEmitter.emit (events.js:191:7)
14 verbose stack     at ChildProcess.<anonymous> (C:\Program Files\nodejs\node_modules\npm\lib\utils\spawn.js:40:14)
14 verbose stack     at emitTwo (events.js:106:13)
14 verbose stack     at ChildProcess.emit (events.js:191:7)
14 verbose stack     at maybeClose (internal/child_process.js:891:16)
14 verbose stack     at Process.ChildProcess._handle.onexit (internal/child_process.js:226:5)
15 verbose pkgid projekt-billennium-angular@1.0.0
16 verbose cwd D:\My Own Projects\angular-project
17 error Windows_NT 6.1.7601
18 error argv "C:\\Program Files\\nodejs\\node.exe" "C:\\Program Files\\nodejs\\node_modules\\npm\\bin\\npm-cli.js" "run" "open"
19 error node v6.11.0
20 error npm  v3.10.10
21 error code ELIFECYCLE
22 error projekt-billennium-angular@1.0.0 open: `babel-node tools/srcServer.js`
22 error Exit status 3221225786
23 error Failed at the projekt-billennium-angular@1.0.0 open script 'babel-node tools/srcServer.js'.
23 error Make sure you have the latest version of node.js and npm installed.
23 error If you do, this is most likely a problem with the projekt-billennium-angular package,
23 error not with npm itself.
23 error Tell the author that this fails on your system:
23 error     babel-node tools/srcServer.js
23 error You can get information on how to open an issue for this project with:
23 error     npm bugs projekt-billennium-angular
23 error Or if that isn't available, you can get their info via:
23 error     npm owner ls projekt-billennium-angular
23 error There is likely additional logging output above.
24 verbose exit [ 1, true ]
